app/build/intermediates/manifest_merge_blame_file/release/manifest-merger-blame-release-report.txt
1<?xml version="1.0" encoding="utf-8"?>
2<manifest xmlns:android="http://schemas.android.com/apk/res/android"
3    package="com.mark.cyberpunkplayer"
4    android:versionCode="2"
5    android:versionName="1.01" >
6
7    <uses-sdk
8        android:minSdkVersion="21"
8-->src\main\AndroidManifest.xml
9        android:targetSdkVersion="29" />
9-->src\main\AndroidManifest.xml
10
11    <uses-permission android:name="android.permission.INTERNET" />
11-->src\main\AndroidManifest.xml:6:5-66
11-->src\main\AndroidManifest.xml:6:22-64
12    <uses-permission android:name="android.permission.READ_EXTERNAL_STORAGE" />
12-->src\main\AndroidManifest.xml:7:5-79
12-->src\main\AndroidManifest.xml:7:22-77
13    <uses-permission android:name="android.permission.WRITE_EXTERNAL_STORAGE" />
13-->src\main\AndroidManifest.xml:8:5-80
13-->src\main\AndroidManifest.xml:8:22-78
14    <uses-permission android:name="android.permission.CHANGE_WIFI_STATE" />
14-->src\main\AndroidManifest.xml:9:5-75
14-->src\main\AndroidManifest.xml:9:22-73
15    <uses-permission android:name="android.permission.ACCESS_WIFI_STATE" />
15-->src\main\AndroidManifest.xml:10:5-75
15-->src\main\AndroidManifest.xml:10:22-73
16    <uses-permission android:name="android.permission.WAKE_LOCK" />
16-->src\main\AndroidManifest.xml:11:5-67
16-->src\main\AndroidManifest.xml:11:22-65
17    <uses-permission android:name="android.permission.ACCESS_COARSE_LOCATION" />
17-->src\main\AndroidManifest.xml:13:5-80
17-->src\main\AndroidManifest.xml:13:22-78
18    <uses-permission android:name="android.permission.ACCESS_FINE_LOCATION" />
18-->src\main\AndroidManifest.xml:14:5-78
18-->src\main\AndroidManifest.xml:14:22-76
19    <uses-permission android:name="android.permission.SET_WALLPAPER" />
19-->src\main\AndroidManifest.xml:16:5-71
19-->src\main\AndroidManifest.xml:16:22-69
20    <uses-permission android:name="android.permission.SET_WALLPAPER_HINTS" />
20-->src\main\AndroidManifest.xml:17:5-77
20-->src\main\AndroidManifest.xml:17:22-75
21    <uses-permission android:name="android.permission.BLUETOOTH" />
21-->src\main\AndroidManifest.xml:19:5-68
21-->src\main\AndroidManifest.xml:19:22-65
22    <uses-permission android:name="android.permission.BLUETOOTH_ADMIN" />
22-->src\main\AndroidManifest.xml:20:5-74
22-->src\main\AndroidManifest.xml:20:22-71
23    <uses-permission android:name="android.permission.ACCESS_NETWORK_STATE" />
23-->src\main\AndroidManifest.xml:22:5-79
23-->src\main\AndroidManifest.xml:22:22-76
24
25    <application
25-->src\main\AndroidManifest.xml:24:5-120:19
26        android:name="com.mark.cyberpunkplayer.app.MainApplication"
26-->src\main\AndroidManifest.xml:25:9-44
27        android:allowBackup="true"
27-->src\main\AndroidManifest.xml:26:9-35
28        android:appComponentFactory="androidx.core.app.CoreComponentFactory"
28-->[androidx.core:core:1.2.0] AndroidManifest.xml:24:18-86
29        android:icon="@drawable/app_icon"
29-->src\main\AndroidManifest.xml:27:9-42
30        android:label="@string/app_name"
30-->src\main\AndroidManifest.xml:28:9-41
31        android:requestLegacyExternalStorage="true"
31-->src\main\AndroidManifest.xml:29:9-52
32        android:roundIcon="@drawable/app_icon"
32-->src\main\AndroidManifest.xml:30:9-47
33        android:supportsRtl="true"
33-->src\main\AndroidManifest.xml:31:9-35
34        android:theme="@style/AppTheme" >
34-->src\main\AndroidManifest.xml:32:9-40
35        <activity
35-->src\main\AndroidManifest.xml:34:9-42:20
36            android:name="com.mark.cyberpunkplayer.ui.activity.SplashActivity"
36-->src\main\AndroidManifest.xml:34:19-61
37            android:screenOrientation="portrait"
37-->src\main\AndroidManifest.xml:35:13-49
38            android:theme="@style/splashTheme" >
38-->src\main\AndroidManifest.xml:36:13-47
39            <intent-filter>
39-->src\main\AndroidManifest.xml:37:13-41:29
40                <action android:name="android.intent.action.MAIN" />
40-->src\main\AndroidManifest.xml:38:17-69
40-->src\main\AndroidManifest.xml:38:25-66
41
42                <category android:name="android.intent.category.LAUNCHER" />
42-->src\main\AndroidManifest.xml:40:17-77
42-->src\main\AndroidManifest.xml:40:27-74
43            </intent-filter>
44        </activity>
45        <activity
45-->src\main\AndroidManifest.xml:45:9-51:20
46            android:name="com.mark.cyberpunkplayer.ui.activity.MainActivity"
46-->src\main\AndroidManifest.xml:45:19-59
47            android:configChanges="orientation|screenSize"
47-->src\main\AndroidManifest.xml:47:13-59
48            android:launchMode="singleTask" >
48-->src\main\AndroidManifest.xml:46:13-44
49            <intent-filter>
49-->src\main\AndroidManifest.xml:48:13-50:29
50                <action android:name="android.intent.action.DELETE" />
50-->src\main\AndroidManifest.xml:49:17-70
50-->src\main\AndroidManifest.xml:49:25-68
51            </intent-filter>
52        </activity>
53        <activity
53-->src\main\AndroidManifest.xml:53:9-64:20
54            android:name="com.mark.cyberpunkplayer.player.PlayerActivity"
54-->src\main\AndroidManifest.xml:53:19-56
55            android:enabled="true"
55-->src\main\AndroidManifest.xml:57:13-35
56            android:exported="true"
56-->src\main\AndroidManifest.xml:56:13-36
57            android:launchMode="singleTop"
57-->src\main\AndroidManifest.xml:55:13-43
58            android:screenOrientation="landscape"
58-->src\main\AndroidManifest.xml:54:13-50
59            android:theme="@style/PlayerFullScreenTheme" >
59-->src\main\AndroidManifest.xml:58:13-57
60            <intent-filter>
60-->src\main\AndroidManifest.xml:59:13-63:29
61                <action android:name="com.mark.player.action" />
61-->src\main\AndroidManifest.xml:60:17-64
61-->src\main\AndroidManifest.xml:60:25-62
62
63                <category android:name="android.intent.category.DEFAULT" />
63-->src\main\AndroidManifest.xml:61:17-75
63-->src\main\AndroidManifest.xml:61:27-73
64                <category android:name="com.mark.player.category" />
64-->src\main\AndroidManifest.xml:62:17-68
64-->src\main\AndroidManifest.xml:62:27-66
65            </intent-filter>
66        </activity>
67        <activity
67-->src\main\AndroidManifest.xml:66:9-69:20
68            android:name="com.mark.cyberpunkplayer.ui.activity.AboutMeActivity"
68-->src\main\AndroidManifest.xml:66:19-62
69            android:screenOrientation="portrait" >
69-->src\main\AndroidManifest.xml:67:13-49
70        </activity>
71        <activity
71-->src\main\AndroidManifest.xml:71:9-77:20
72            android:name="com.mark.cyberpunkplayer.ui.activity.NewSessionActivity"
72-->src\main\AndroidManifest.xml:71:19-65
73            android:launchMode="singleTop"
73-->src\main\AndroidManifest.xml:72:13-43
74            android:screenOrientation="portrait" >
74-->src\main\AndroidManifest.xml:73:13-49
75            <intent-filter>
75-->src\main\AndroidManifest.xml:74:13-76:29
76                <category android:name="android.intent.category.DEFAULT" />
76-->src\main\AndroidManifest.xml:61:17-75
76-->src\main\AndroidManifest.xml:61:27-73
77            </intent-filter>
78        </activity>
79        <activity
79-->src\main\AndroidManifest.xml:79:9-83:20
80            android:name="com.mark.cyberpunkplayer.ui.activity.SafeBoxActivity"
80-->src\main\AndroidManifest.xml:79:19-62
81            android:configChanges="screenSize|orientation"
81-->src\main\AndroidManifest.xml:82:13-59
82            android:exported="false"
82-->src\main\AndroidManifest.xml:81:13-37
83            android:launchMode="singleTask" >
83-->src\main\AndroidManifest.xml:80:13-44
84        </activity>
85        <activity
85-->src\main\AndroidManifest.xml:85:9-88:20
86            android:name="com.mark.cyberpunkplayer.ui.activity.bt.BtActivity"
86-->src\main\AndroidManifest.xml:85:19-60
87            android:configChanges="screenSize|orientation" >
87-->src\main\AndroidManifest.xml:86:13-59
88        </activity>
89        <activity
89-->src\main\AndroidManifest.xml:90:9-93:20
90            android:name="com.mark.cyberpunkplayer.ui.activity.bt.BTIndexActivity"
90-->src\main\AndroidManifest.xml:90:19-65
91            android:configChanges="screenSize|orientation" >
91-->src\main\AndroidManifest.xml:91:13-59
92        </activity>
93        <activity android:name="com.mark.cyberpunkplayer.ui.activity.SelectFileActivity" >
93-->src\main\AndroidManifest.xml:95:9-97:20
93-->src\main\AndroidManifest.xml:95:19-65
94        </activity>
95        <activity android:name="com.mark.cyberpunkplayer.ui.activity.RTSPActivity" >
95-->src\main\AndroidManifest.xml:99:9-101:20
95-->src\main\AndroidManifest.xml:99:19-59
96        </activity>
97
98        <service
98-->src\main\AndroidManifest.xml:103:9-107:19
99            android:name="com.mark.cyberpunkplayer.service.smb.SmbService"
99-->src\main\AndroidManifest.xml:103:18-56
100            android:enabled="true"
100-->src\main\AndroidManifest.xml:105:13-35
101            android:exported="true" >
101-->src\main\AndroidManifest.xml:104:13-36
102        </service>
103        <service
103-->src\main\AndroidManifest.xml:109:9-113:19
104            android:name="com.mark.cyberpunkplayer.service.wifi.WifiService"
104-->src\main\AndroidManifest.xml:109:18-58
105            android:enabled="true"
105-->src\main\AndroidManifest.xml:111:13-35
106            android:exported="true" >
106-->src\main\AndroidManifest.xml:110:13-36
107        </service>
108        <service
108-->src\main\AndroidManifest.xml:115:9-119:19
109            android:name="net.majorkernelpanic.streaming.rtsp.RtspServer"
109-->src\main\AndroidManifest.xml:115:18-79
110            android:enabled="true"
110-->src\main\AndroidManifest.xml:117:13-35
111            android:exported="true" >
111-->src\main\AndroidManifest.xml:116:13-36
112        </service>
113
114        <activity
114-->[com.yanzhenjie:permission:2.0.0-rc11] AndroidManifest.xml:25:9-30:75
115            android:name="com.yanzhenjie.permission.PermissionActivity"
115-->[com.yanzhenjie:permission:2.0.0-rc11] AndroidManifest.xml:26:13-72
116            android:configChanges="keyboardHidden|orientation|screenSize"
116-->[com.yanzhenjie:permission:2.0.0-rc11] AndroidManifest.xml:27:13-74
117            android:launchMode="standard"
117-->[com.yanzhenjie:permission:2.0.0-rc11] AndroidManifest.xml:28:13-42
118            android:theme="@style/Permission.Theme.Activity"
118-->[com.yanzhenjie:permission:2.0.0-rc11] AndroidManifest.xml:29:13-61
119            android:windowSoftInputMode="stateHidden|stateAlwaysHidden" />
119-->[com.yanzhenjie:permission:2.0.0-rc11] AndroidManifest.xml:30:13-72
120
121        <provider
121-->[com.yanzhenjie:permission:2.0.0-rc11] AndroidManifest.xml:32:9-40:20
122            android:name="com.yanzhenjie.permission.FileProvider"
122-->[com.yanzhenjie:permission:2.0.0-rc11] AndroidManifest.xml:33:13-66
123            android:authorities="com.mark.cyberpunkplayer.file.path.share"
123-->[com.yanzhenjie:permission:2.0.0-rc11] AndroidManifest.xml:34:13-67
124            android:exported="false"
124-->[com.yanzhenjie:permission:2.0.0-rc11] AndroidManifest.xml:35:13-37
125            android:grantUriPermissions="true" >
125-->[com.yanzhenjie:permission:2.0.0-rc11] AndroidManifest.xml:36:13-47
126            <meta-data
126-->[com.yanzhenjie:permission:2.0.0-rc11] AndroidManifest.xml:37:13-39:65
127                android:name="android.support.FILE_PROVIDER_PATHS"
127-->[com.yanzhenjie:permission:2.0.0-rc11] AndroidManifest.xml:38:17-67
128                android:resource="@xml/permission_file_paths" />
128-->[com.yanzhenjie:permission:2.0.0-rc11] AndroidManifest.xml:39:17-62
129        </provider>
130
131        <service
131-->[com.google.firebase:firebase-crashlytics-ndk:17.2.1] AndroidManifest.xml:32:9-38:19
132            android:name="com.google.firebase.components.ComponentDiscoveryService"
132-->[com.google.firebase:firebase-crashlytics-ndk:17.2.1] AndroidManifest.xml:33:13-84
133            android:directBootAware="true"
133-->[com.google.firebase:firebase-common:19.3.1] AndroidManifest.xml:35:13-43
134            android:exported="false" >
134-->[com.google.firebase:firebase-crashlytics-ndk:17.2.1] AndroidManifest.xml:34:13-37
135            <meta-data
135-->[com.google.firebase:firebase-crashlytics-ndk:17.2.1] AndroidManifest.xml:35:13-37:85
136                android:name="com.google.firebase.components:com.google.firebase.crashlytics.ndk.CrashlyticsNdkRegistrar"
136-->[com.google.firebase:firebase-crashlytics-ndk:17.2.1] AndroidManifest.xml:36:17-122
137                android:value="com.google.firebase.components.ComponentRegistrar" />
137-->[com.google.firebase:firebase-crashlytics-ndk:17.2.1] AndroidManifest.xml:37:17-82
138            <meta-data
138-->[com.google.firebase:firebase-crashlytics:17.2.1] AndroidManifest.xml:16:13-18:85
139                android:name="com.google.firebase.components:com.google.firebase.crashlytics.CrashlyticsRegistrar"
139-->[com.google.firebase:firebase-crashlytics:17.2.1] AndroidManifest.xml:17:17-115
140                android:value="com.google.firebase.components.ComponentRegistrar" />
140-->[com.google.firebase:firebase-crashlytics:17.2.1] AndroidManifest.xml:18:17-82
141            <meta-data
141-->[com.google.firebase:firebase-installations:16.3.3] AndroidManifest.xml:17:13-19:85
142                android:name="com.google.firebase.components:com.google.firebase.installations.FirebaseInstallationsRegistrar"
142-->[com.google.firebase:firebase-installations:16.3.3] AndroidManifest.xml:18:17-127
143                android:value="com.google.firebase.components.ComponentRegistrar" />
143-->[com.google.firebase:firebase-installations:16.3.3] AndroidManifest.xml:19:17-82
144        </service>
145        <service
145-->[com.squareup.leakcanary:leakcanary-android:1.5.4] AndroidManifest.xml:27:9-30:45
146            android:name="com.squareup.leakcanary.internal.HeapAnalyzerService"
146-->[com.squareup.leakcanary:leakcanary-android:1.5.4] AndroidManifest.xml:28:13-80
147            android:enabled="false"
147-->[com.squareup.leakcanary:leakcanary-android:1.5.4] AndroidManifest.xml:29:13-36
148            android:process=":leakcanary" />
148-->[com.squareup.leakcanary:leakcanary-android:1.5.4] AndroidManifest.xml:30:13-42
149        <service
149-->[com.squareup.leakcanary:leakcanary-android:1.5.4] AndroidManifest.xml:31:9-34:45
150            android:name="com.squareup.leakcanary.DisplayLeakService"
150-->[com.squareup.leakcanary:leakcanary-android:1.5.4] AndroidManifest.xml:32:13-70
151            android:enabled="false"
151-->[com.squareup.leakcanary:leakcanary-android:1.5.4] AndroidManifest.xml:33:13-36
152            android:process=":leakcanary" />
152-->[com.squareup.leakcanary:leakcanary-android:1.5.4] AndroidManifest.xml:34:13-42
153
154        <activity
154-->[com.squareup.leakcanary:leakcanary-android:1.5.4] AndroidManifest.xml:36:9-49:20
155            android:name="com.squareup.leakcanary.internal.DisplayLeakActivity"
155-->[com.squareup.leakcanary:leakcanary-android:1.5.4] AndroidManifest.xml:37:13-80
156            android:enabled="false"
156-->[com.squareup.leakcanary:leakcanary-android:1.5.4] AndroidManifest.xml:38:13-36
157            android:icon="@drawable/leak_canary_icon"
157-->[com.squareup.leakcanary:leakcanary-android:1.5.4] AndroidManifest.xml:39:13-54
158            android:label="@string/leak_canary_display_activity_label"
158-->[com.squareup.leakcanary:leakcanary-android:1.5.4] AndroidManifest.xml:40:13-71
159            android:process=":leakcanary"
159-->[com.squareup.leakcanary:leakcanary-android:1.5.4] AndroidManifest.xml:41:13-42
160            android:taskAffinity="com.squareup.leakcanary.com.mark.cyberpunkplayer"
160-->[com.squareup.leakcanary:leakcanary-android:1.5.4] AndroidManifest.xml:42:13-76
161            android:theme="@style/leak_canary_LeakCanary.Base" >
161-->[com.squareup.leakcanary:leakcanary-android:1.5.4] AndroidManifest.xml:43:13-63
162            <intent-filter>
162-->src\main\AndroidManifest.xml:37:13-41:29
163                <action android:name="android.intent.action.MAIN" />
163-->src\main\AndroidManifest.xml:38:17-69
163-->src\main\AndroidManifest.xml:38:25-66
164
165                <category android:name="android.intent.category.LAUNCHER" />
165-->src\main\AndroidManifest.xml:40:17-77
165-->src\main\AndroidManifest.xml:40:27-74
166            </intent-filter>
167        </activity>
168        <activity
168-->[com.squareup.leakcanary:leakcanary-android:1.5.4] AndroidManifest.xml:50:9-58:68
169            android:name="com.squareup.leakcanary.internal.RequestStoragePermissionActivity"
169-->[com.squareup.leakcanary:leakcanary-android:1.5.4] AndroidManifest.xml:51:13-93
170            android:enabled="false"
170-->[com.squareup.leakcanary:leakcanary-android:1.5.4] AndroidManifest.xml:52:13-36
171            android:excludeFromRecents="true"
171-->[com.squareup.leakcanary:leakcanary-android:1.5.4] AndroidManifest.xml:53:13-46
172            android:icon="@drawable/leak_canary_icon"
172-->[com.squareup.leakcanary:leakcanary-android:1.5.4] AndroidManifest.xml:54:13-54
173            android:label="@string/leak_canary_storage_permission_activity_label"
173-->[com.squareup.leakcanary:leakcanary-android:1.5.4] AndroidManifest.xml:55:13-82
174            android:process=":leakcanary"
174-->[com.squareup.leakcanary:leakcanary-android:1.5.4] AndroidManifest.xml:56:13-42
175            android:taskAffinity="com.squareup.leakcanary.com.mark.cyberpunkplayer"
175-->[com.squareup.leakcanary:leakcanary-android:1.5.4] AndroidManifest.xml:57:13-76
176            android:theme="@style/leak_canary_Theme.Transparent" />
176-->[com.squareup.leakcanary:leakcanary-android:1.5.4] AndroidManifest.xml:58:13-65
177
178        <provider
178-->[com.google.firebase:firebase-common:19.3.1] AndroidManifest.xml:26:9-31:39
179            android:name="com.google.firebase.provider.FirebaseInitProvider"
179-->[com.google.firebase:firebase-common:19.3.1] AndroidManifest.xml:27:13-77
180            android:authorities="com.mark.cyberpunkplayer.firebaseinitprovider"
180-->[com.google.firebase:firebase-common:19.3.1] AndroidManifest.xml:28:13-72
181            android:directBootAware="true"
181-->[com.google.firebase:firebase-common:19.3.1] AndroidManifest.xml:29:13-43
182            android:exported="false"
182-->[com.google.firebase:firebase-common:19.3.1] AndroidManifest.xml:30:13-37
183            android:initOrder="100" />
183-->[com.google.firebase:firebase-common:19.3.1] AndroidManifest.xml:31:13-36
184
185        <meta-data
185-->[com.google.android.gms:play-services-basement:17.0.0] AndroidManifest.xml:23:9-25:69
186            android:name="com.google.android.gms.version"
186-->[com.google.android.gms:play-services-basement:17.0.0] AndroidManifest.xml:24:13-58
187            android:value="@integer/google_play_services_version" />
187-->[com.google.android.gms:play-services-basement:17.0.0] AndroidManifest.xml:25:13-66
188
189        <service
189-->[com.google.android.datatransport:transport-backend-cct:2.3.1] AndroidManifest.xml:29:9-35:19
190            android:name="com.google.android.datatransport.runtime.backends.TransportBackendDiscovery"
190-->[com.google.android.datatransport:transport-backend-cct:2.3.1] AndroidManifest.xml:30:13-103
191            android:exported="false" >
191-->[com.google.android.datatransport:transport-backend-cct:2.3.1] AndroidManifest.xml:31:13-37
192            <meta-data
192-->[com.google.android.datatransport:transport-backend-cct:2.3.1] AndroidManifest.xml:32:13-34:39
193                android:name="backend:com.google.android.datatransport.cct.CctBackendFactory"
193-->[com.google.android.datatransport:transport-backend-cct:2.3.1] AndroidManifest.xml:33:17-94
194                android:value="cct" />
194-->[com.google.android.datatransport:transport-backend-cct:2.3.1] AndroidManifest.xml:34:17-36
195        </service>
196        <service
196-->[com.google.android.datatransport:transport-runtime:2.2.4] AndroidManifest.xml:26:9-30:19
197            android:name="com.google.android.datatransport.runtime.scheduling.jobscheduling.JobInfoSchedulerService"
197-->[com.google.android.datatransport:transport-runtime:2.2.4] AndroidManifest.xml:27:13-117
198            android:exported="false"
198-->[com.google.android.datatransport:transport-runtime:2.2.4] AndroidManifest.xml:28:13-37
199            android:permission="android.permission.BIND_JOB_SERVICE" >
199-->[com.google.android.datatransport:transport-runtime:2.2.4] AndroidManifest.xml:29:13-69
200        </service>
201
202        <receiver
202-->[com.google.android.datatransport:transport-runtime:2.2.4] AndroidManifest.xml:32:9-34:40
203            android:name="com.google.android.datatransport.runtime.scheduling.jobscheduling.AlarmManagerSchedulerBroadcastReceiver"
203-->[com.google.android.datatransport:transport-runtime:2.2.4] AndroidManifest.xml:33:13-132
204            android:exported="false" />
204-->[com.google.android.datatransport:transport-runtime:2.2.4] AndroidManifest.xml:34:13-37
205    </application>
206
207</manifest>